{
  "RSpec": {
    "coverage": {
      "/home/jake/flatiron/tic-tac-toe-rb-immersive-alum/lib/tic_tac_toe.rb": [
        null,
        null,
        1,
        null,
        null,
        null,
        null,
        null,
        null,
        null,
        null,
        null,
        1,
        25,
        25,
        25,
        25,
        25,
        null,
        null,
        1,
        24,
        null,
        null,
        1,
        23,
        null,
        null,
        1,
        26,
        null,
        null,
        1,
        24,
        null,
        null,
        1,
        22,
        22,
        198,
        32,
        null,
        null,
        22,
        null,
        null,
        1,
        21,
        null,
        null,
        1,
        40,
        272,
        null,
        null,
        null,
        1,
        119,
        null,
        null,
        1,
        18,
        null,
        null,
        1,
        22,
        null,
        null,
        1,
        14,
        14,
        6,
        null,
        null,
        null,
        1,
        20,
        20,
        21,
        21,
        21,
        20,
        null,
        null,
        20,
        20,
        null,
        null,
        1,
        12,
        18,
        null,
        null,
        12,
        12,
        5,
        7,
        null,
        null
      ]
    },
    "timestamp": 1565124863
  }
}
